Determining if the pthread_create exist failed with the following output:
Change Dir: /home/ubuntu/mz_ws/build/CMakeFiles/CMakeTmp

Run Build Command:"/usr/bin/make" "cmTC_c7241/fast"
/usr/bin/make -f CMakeFiles/cmTC_c7241.dir/build.make CMakeFiles/cmTC_c7241.dir/build
make[1]: Entering directory '/home/ubuntu/mz_ws/build/CMakeFiles/CMakeTmp'
Building C object CMakeFiles/cmTC_c7241.dir/CheckSymbolExists.c.o
/usr/bin/cc     -o CMakeFiles/cmTC_c7241.dir/CheckSymbolExists.c.o   -c /home/ubuntu/mz_ws/build/CMakeFiles/CMakeTmp/CheckSymbolExists.c
Linking C executable cmTC_c7241
/usr/bin/cmake -E cmake_link_script CMakeFiles/cmTC_c7241.dir/link.txt --verbose=1
/usr/bin/cc       CMakeFiles/cmTC_c7241.dir/CheckSymbolExists.c.o  -o cmTC_c7241 -rdynamic 
CMakeFiles/cmTC_c7241.dir/CheckSymbolExists.c.o：在函数‘main’中：
CheckSymbolExists.c:(.text+0x16)：对‘pthread_create’未定义的引用
collect2: error: ld returned 1 exit status
CMakeFiles/cmTC_c7241.dir/build.make:97: recipe for target 'cmTC_c7241' failed
make[1]: *** [cmTC_c7241] Error 1
make[1]: Leaving directory '/home/ubuntu/mz_ws/build/CMakeFiles/CMakeTmp'
Makefile:126: recipe for target 'cmTC_c7241/fast' failed
make: *** [cmTC_c7241/fast] Error 2

File /home/ubuntu/mz_ws/build/CMakeFiles/CMakeTmp/CheckSymbolExists.c:
/* */
#include <pthread.h>

int main(int argc, char** argv)
{
  (void)argv;
#ifndef pthread_create
  return ((int*)(&pthread_create))[argc];
#else
  (void)argc;
  return 0;
#endif
}

Determining if the function pthread_create exists in the pthreads failed with the following output:
Change Dir: /home/ubuntu/mz_ws/build/CMakeFiles/CMakeTmp

Run Build Command:"/usr/bin/make" "cmTC_f19b7/fast"
/usr/bin/make -f CMakeFiles/cmTC_f19b7.dir/build.make CMakeFiles/cmTC_f19b7.dir/build
make[1]: Entering directory '/home/ubuntu/mz_ws/build/CMakeFiles/CMakeTmp'
Building C object CMakeFiles/cmTC_f19b7.dir/CheckFunctionExists.c.o
/usr/bin/cc    -DCHECK_FUNCTION_EXISTS=pthread_create   -o CMakeFiles/cmTC_f19b7.dir/CheckFunctionExists.c.o   -c /usr/share/cmake-3.5/Modules/CheckFunctionExists.c
Linking C executable cmTC_f19b7
/usr/bin/cmake -E cmake_link_script CMakeFiles/cmTC_f19b7.dir/link.txt --verbose=1
/usr/bin/cc   -DCHECK_FUNCTION_EXISTS=pthread_create    CMakeFiles/cmTC_f19b7.dir/CheckFunctionExists.c.o  -o cmTC_f19b7 -rdynamic -lpthreads 
/usr/bin/ld: 找不到 -lpthreads
collect2: error: ld returned 1 exit status
CMakeFiles/cmTC_f19b7.dir/build.make:97: recipe for target 'cmTC_f19b7' failed
make[1]: *** [cmTC_f19b7] Error 1
make[1]: Leaving directory '/home/ubuntu/mz_ws/build/CMakeFiles/CMakeTmp'
Makefile:126: recipe for target 'cmTC_f19b7/fast' failed
make: *** [cmTC_f19b7/fast] Error 2


Determining if the include file pgm.h exists failed with the following output:
Change Dir: /home/ubuntu/mz_ws/build/CMakeFiles/CMakeTmp

Run Build Command:"/usr/bin/make" "cmTC_12729/fast"
make[1]: Entering directory '/home/ubuntu/mz_ws/build/CMakeFiles/CMakeTmp'
/usr/bin/make -f CMakeFiles/cmTC_12729.dir/build.make CMakeFiles/cmTC_12729.dir/build
make[2]: Entering directory '/home/ubuntu/mz_ws/build/CMakeFiles/CMakeTmp'
Building CXX object CMakeFiles/cmTC_12729.dir/CheckIncludeFile.cxx.o
/usr/bin/c++      -o CMakeFiles/cmTC_12729.dir/CheckIncludeFile.cxx.o -c /home/ubuntu/mz_ws/build/CMakeFiles/CMakeTmp/CheckIncludeFile.cxx
/home/ubuntu/mz_ws/build/CMakeFiles/CMakeTmp/CheckIncludeFile.cxx:1:17: fatal error: pgm.h: 没有那个文件或目录
compilation terminated.
CMakeFiles/cmTC_12729.dir/build.make:65: recipe for target 'CMakeFiles/cmTC_12729.dir/CheckIncludeFile.cxx.o' failed
make[2]: *** [CMakeFiles/cmTC_12729.dir/CheckIncludeFile.cxx.o] Error 1
make[2]: Leaving directory '/home/ubuntu/mz_ws/build/CMakeFiles/CMakeTmp'
Makefile:126: recipe for target 'cmTC_12729/fast' failed
make[1]: *** [cmTC_12729/fast] Error 2
make[1]: Leaving directory '/home/ubuntu/mz_ws/build/CMakeFiles/CMakeTmp'


